2022-03-24 21:47:25 startup packages remove
2022-03-24 21:47:25 status installed linux-virtual:amd64 5.4.0.105.109
2022-03-24 21:47:25 remove linux-virtual:amd64 5.4.0.105.109 <none>
2022-03-24 21:47:25 status half-configured linux-virtual:amd64 5.4.0.105.109
2022-03-24 21:47:25 status half-installed linux-virtual:amd64 5.4.0.105.109
2022-03-24 21:47:25 status config-files linux-virtual:amd64 5.4.0.105.109
2022-03-24 21:47:25 status not-installed linux-virtual:amd64 <none>
2022-03-24 21:47:25 status installed linux-headers-virtual:amd64 5.4.0.105.109
2022-03-24 21:47:25 remove linux-headers-virtual:amd64 5.4.0.105.109 <none>
2022-03-24 21:47:25 status half-configured linux-headers-virtual:amd64 5.4.0.105.109
2022-03-24 21:47:25 status half-installed linux-headers-virtual:amd64 5.4.0.105.109
2022-03-24 21:47:25 status config-files linux-headers-virtual:amd64 5.4.0.105.109
2022-03-24 21:47:25 status not-installed linux-headers-virtual:amd64 <none>
2022-03-24 21:47:25 status installed linux-headers-generic:amd64 5.4.0.105.109
2022-03-24 21:47:25 remove linux-headers-generic:amd64 5.4.0.105.109 <none>
2022-03-24 21:47:25 status half-configured linux-headers-generic:amd64 5.4.0.105.109
2022-03-24 21:47:25 status half-installed linux-headers-generic:amd64 5.4.0.105.109
2022-03-24 21:47:25 status config-files linux-headers-generic:amd64 5.4.0.105.109
2022-03-24 21:47:25 status not-installed linux-headers-generic:amd64 <none>
2022-03-24 21:47:25 status installed linux-headers-5.4.0-105-generic:amd64 5.4.0-105.119
2022-03-24 21:47:25 remove linux-headers-5.4.0-105-generic:amd64 5.4.0-105.119 <none>
2022-03-24 21:47:25 status half-configured linux-headers-5.4.0-105-generic:amd64 5.4.0-105.119
2022-03-24 21:47:25 status half-installed linux-headers-5.4.0-105-generic:amd64 5.4.0-105.119
2022-03-24 21:47:25 status config-files linux-headers-5.4.0-105-generic:amd64 5.4.0-105.119
2022-03-24 21:47:25 status not-installed linux-headers-5.4.0-105-generic:amd64 <none>
2022-03-24 21:47:25 status installed linux-headers-5.4.0-105:all 5.4.0-105.119
2022-03-24 21:47:25 remove linux-headers-5.4.0-105:all 5.4.0-105.119 <none>
2022-03-24 21:47:25 status half-configured linux-headers-5.4.0-105:all 5.4.0-105.119
2022-03-24 21:47:25 status half-installed linux-headers-5.4.0-105:all 5.4.0-105.119
2022-03-24 21:47:25 status config-files linux-headers-5.4.0-105:all 5.4.0-105.119
2022-03-24 21:47:25 status not-installed linux-headers-5.4.0-105:all <none>
2022-03-24 21:47:25 status installed linux-image-virtual:amd64 5.4.0.105.109
2022-03-24 21:47:25 remove linux-image-virtual:amd64 5.4.0.105.109 <none>
2022-03-24 21:47:25 status half-configured linux-image-virtual:amd64 5.4.0.105.109
2022-03-24 21:47:25 status half-installed linux-image-virtual:amd64 5.4.0.105.109
2022-03-24 21:47:25 status config-files linux-image-virtual:amd64 5.4.0.105.109
2022-03-24 21:47:25 status not-installed linux-image-virtual:amd64 <none>
2022-03-24 21:47:25 status installed linux-image-5.4.0-105-generic:amd64 5.4.0-105.119
2022-03-24 21:47:25 remove linux-image-5.4.0-105-generic:amd64 5.4.0-105.119 <none>
2022-03-24 21:47:25 status half-configured linux-image-5.4.0-105-generic:amd64 5.4.0-105.119
2022-03-24 21:47:25 status half-installed linux-image-5.4.0-105-generic:amd64 5.4.0-105.119
2022-03-24 21:47:25 status config-files linux-image-5.4.0-105-generic:amd64 5.4.0-105.119
2022-03-24 21:47:25 status installed linux-modules-5.4.0-105-generic:amd64 5.4.0-105.119
2022-03-24 21:47:25 remove linux-modules-5.4.0-105-generic:amd64 5.4.0-105.119 <none>
2022-03-24 21:47:25 status half-configured linux-modules-5.4.0-105-generic:amd64 5.4.0-105.119
2022-03-24 21:47:25 status half-installed linux-modules-5.4.0-105-generic:amd64 5.4.0-105.119
2022-03-24 21:47:26 status config-files linux-modules-5.4.0-105-generic:amd64 5.4.0-105.119
2022-03-24 21:47:26 startup packages configure
2022-03-24 21:47:26 startup packages purge
2022-03-24 21:47:26 purge linux-image-5.4.0-105-generic:amd64 5.4.0-105.119 <none>
2022-03-24 21:47:26 status config-files linux-image-5.4.0-105-generic:amd64 5.4.0-105.119
2022-03-24 21:47:26 status not-installed linux-image-5.4.0-105-generic:amd64 <none>
2022-03-24 21:47:26 purge linux-modules-5.4.0-105-generic:amd64 5.4.0-105.119 <none>
2022-03-24 21:47:26 status config-files linux-modules-5.4.0-105-generic:amd64 5.4.0-105.119
2022-03-24 21:47:26 status not-installed linux-modules-5.4.0-105-generic:amd64 <none>
2022-03-24 21:47:26 startup packages configure
2022-03-24 21:47:27 startup packages remove
2022-03-24 21:47:27 status installed grub-pc:amd64 2.04-1ubuntu26.13
2022-03-24 21:47:27 status installed grub-gfxpayload-lists:amd64 0.7
2022-03-24 21:47:27 status installed grub2-common:amd64 2.04-1ubuntu26.13
2022-03-24 21:47:27 status installed grub-pc-bin:amd64 2.04-1ubuntu26.13
2022-03-24 21:47:27 status installed grub-common:amd64 2.04-1ubuntu26.13
2022-03-24 21:47:27 status installed os-prober:amd64 1.74ubuntu2
2022-03-24 21:47:27 remove os-prober:amd64 1.74ubuntu2 <none>
2022-03-24 21:47:27 status half-configured os-prober:amd64 1.74ubuntu2
2022-03-24 21:47:27 status half-installed os-prober:amd64 1.74ubuntu2
2022-03-24 21:47:27 status config-files os-prober:amd64 1.74ubuntu2
2022-03-24 21:47:27 status not-installed os-prober:amd64 <none>
2022-03-24 21:47:27 remove grub-gfxpayload-lists:amd64 0.7 <none>
2022-03-24 21:47:27 status half-configured grub-gfxpayload-lists:amd64 0.7
2022-03-24 21:47:27 status half-installed grub-gfxpayload-lists:amd64 0.7
2022-03-24 21:47:27 status triggers-pending man-db:amd64 2.9.1-1
2022-03-24 21:47:27 status config-files grub-gfxpayload-lists:amd64 0.7
2022-03-24 21:47:27 status not-installed grub-gfxpayload-lists:amd64 <none>
2022-03-24 21:47:27 remove grub-pc:amd64 2.04-1ubuntu26.13 <none>
2022-03-24 21:47:27 status half-configured grub-pc:amd64 2.04-1ubuntu26.13
2022-03-24 21:47:27 status half-installed grub-pc:amd64 2.04-1ubuntu26.13
2022-03-24 21:47:27 status config-files grub-pc:amd64 2.04-1ubuntu26.13
2022-03-24 21:47:27 remove grub2-common:amd64 2.04-1ubuntu26.13 <none>
2022-03-24 21:47:27 status half-configured grub2-common:amd64 2.04-1ubuntu26.13
2022-03-24 21:47:27 status half-installed grub2-common:amd64 2.04-1ubuntu26.13
2022-03-24 21:47:27 status triggers-pending install-info:amd64 6.7.0.dfsg.2-5
2022-03-24 21:47:27 status config-files grub2-common:amd64 2.04-1ubuntu26.13
2022-03-24 21:47:27 remove grub-pc-bin:amd64 2.04-1ubuntu26.13 <none>
2022-03-24 21:47:27 status half-configured grub-pc-bin:amd64 2.04-1ubuntu26.13
2022-03-24 21:47:27 status half-installed grub-pc-bin:amd64 2.04-1ubuntu26.13
2022-03-24 21:47:27 status config-files grub-pc-bin:amd64 2.04-1ubuntu26.13
2022-03-24 21:47:27 status not-installed grub-pc-bin:amd64 <none>
2022-03-24 21:47:27 remove grub-common:amd64 2.04-1ubuntu26.13 <none>
2022-03-24 21:47:27 status half-configured grub-common:amd64 2.04-1ubuntu26.13
2022-03-24 21:47:27 status half-installed grub-common:amd64 2.04-1ubuntu26.13
2022-03-24 21:47:28 status config-files grub-common:amd64 2.04-1ubuntu26.13
2022-03-24 21:47:28 startup packages configure
2022-03-24 21:47:28 trigproc install-info:amd64 6.7.0.dfsg.2-5 <none>
2022-03-24 21:47:28 status half-configured install-info:amd64 6.7.0.dfsg.2-5
2022-03-24 21:47:28 status installed install-info:amd64 6.7.0.dfsg.2-5
2022-03-24 21:47:28 trigproc man-db:amd64 2.9.1-1 <none>
2022-03-24 21:47:28 status half-configured man-db:amd64 2.9.1-1
2022-03-24 21:47:28 status installed man-db:amd64 2.9.1-1
2022-03-24 21:47:28 startup packages purge
2022-03-24 21:47:28 purge grub2-common:amd64 2.04-1ubuntu26.13 <none>
2022-03-24 21:47:28 status config-files grub2-common:amd64 2.04-1ubuntu26.13
2022-03-24 21:47:28 status not-installed grub2-common:amd64 <none>
2022-03-24 21:47:28 purge grub-pc:amd64 2.04-1ubuntu26.13 <none>
2022-03-24 21:47:28 status config-files grub-pc:amd64 2.04-1ubuntu26.13
2022-03-24 21:47:28 status not-installed grub-pc:amd64 <none>
2022-03-24 21:47:28 purge grub-common:amd64 2.04-1ubuntu26.13 <none>
2022-03-24 21:47:28 status config-files grub-common:amd64 2.04-1ubuntu26.13
2022-03-24 21:47:28 status triggers-pending systemd:amd64 245.4-4ubuntu3.15
2022-03-24 21:47:28 status not-installed grub-common:amd64 <none>
2022-03-24 21:47:28 startup packages configure
2022-03-24 21:47:28 trigproc systemd:amd64 245.4-4ubuntu3.15 <none>
2022-03-24 21:47:28 status half-configured systemd:amd64 245.4-4ubuntu3.15
2022-03-24 21:47:28 status installed systemd:amd64 245.4-4ubuntu3.15
2022-03-24 22:18:41 startup archives unpack
2022-03-24 22:18:41 install dbus-x11:amd64 <none> 1.12.16-2ubuntu2.1
2022-03-24 22:18:41 status half-installed dbus-x11:amd64 1.12.16-2ubuntu2.1
2022-03-24 22:18:41 status triggers-pending man-db:amd64 2.9.1-1
2022-03-24 22:18:41 status unpacked dbus-x11:amd64 1.12.16-2ubuntu2.1
2022-03-24 22:18:41 install fonts-dejavu-core:all <none> 2.37-1
2022-03-24 22:18:41 status half-installed fonts-dejavu-core:all 2.37-1
2022-03-24 22:18:41 status unpacked fonts-dejavu-core:all 2.37-1
2022-03-24 22:18:41 install fontconfig-config:all <none> 2.13.1-2ubuntu3
2022-03-24 22:18:41 status half-installed fontconfig-config:all 2.13.1-2ubuntu3
2022-03-24 22:18:41 status unpacked fontconfig-config:all 2.13.1-2ubuntu3
2022-03-24 22:18:41 install libasyncns0:amd64 <none> 0.8-6
2022-03-24 22:18:41 status triggers-pending libc-bin:amd64 2.31-0ubuntu9.7
2022-03-24 22:18:41 status half-installed libasyncns0:amd64 0.8-6
2022-03-24 22:18:41 status unpacked libasyncns0:amd64 0.8-6
2022-03-24 22:18:41 install libdrm-amdgpu1:amd64 <none> 2.4.107-8ubuntu1~20.04.2
2022-03-24 22:18:41 status half-installed libdrm-amdgpu1:amd64 2.4.107-8ubuntu1~20.04.2
2022-03-24 22:18:41 status unpacked libdrm-amdgpu1:amd64 2.4.107-8ubuntu1~20.04.2
2022-03-24 22:18:41 install libpciaccess0:amd64 <none> 0.16-0ubuntu1
2022-03-24 22:18:41 status half-installed libpciaccess0:amd64 0.16-0ubuntu1
2022-03-24 22:18:41 status unpacked libpciaccess0:amd64 0.16-0ubuntu1
2022-03-24 22:18:41 install libdrm-intel1:amd64 <none> 2.4.107-8ubuntu1~20.04.2
2022-03-24 22:18:41 status half-installed libdrm-intel1:amd64 2.4.107-8ubuntu1~20.04.2
2022-03-24 22:18:41 status unpacked libdrm-intel1:amd64 2.4.107-8ubuntu1~20.04.2
2022-03-24 22:18:41 install libdrm-nouveau2:amd64 <none> 2.4.107-8ubuntu1~20.04.2
2022-03-24 22:18:41 status half-installed libdrm-nouveau2:amd64 2.4.107-8ubuntu1~20.04.2
2022-03-24 22:18:41 status unpacked libdrm-nouveau2:amd64 2.4.107-8ubuntu1~20.04.2
2022-03-24 22:18:41 install libdrm-radeon1:amd64 <none> 2.4.107-8ubuntu1~20.04.2
2022-03-24 22:18:41 status half-installed libdrm-radeon1:amd64 2.4.107-8ubuntu1~20.04.2
2022-03-24 22:18:41 status unpacked libdrm-radeon1:amd64 2.4.107-8ubuntu1~20.04.2
2022-03-24 22:18:41 install libflac8:amd64 <none> 1.3.3-1build1
2022-03-24 22:18:41 status half-installed libflac8:amd64 1.3.3-1build1
2022-03-24 22:18:41 status unpacked libflac8:amd64 1.3.3-1build1
2022-03-24 22:18:41 install libfontconfig1:amd64 <none> 2.13.1-2ubuntu3
2022-03-24 22:18:41 status half-installed libfontconfig1:amd64 2.13.1-2ubuntu3
2022-03-24 22:18:41 status unpacked libfontconfig1:amd64 2.13.1-2ubuntu3
2022-03-24 22:18:41 install libfontenc1:amd64 <none> 1:1.1.4-0ubuntu1
2022-03-24 22:18:41 status half-installed libfontenc1:amd64 1:1.1.4-0ubuntu1
2022-03-24 22:18:41 status unpacked libfontenc1:amd64 1:1.1.4-0ubuntu1
2022-03-24 22:18:41 install libglapi-mesa:amd64 <none> 21.2.6-0ubuntu0.1~20.04.2
2022-03-24 22:18:41 status half-installed libglapi-mesa:amd64 21.2.6-0ubuntu0.1~20.04.2
2022-03-24 22:18:41 status unpacked libglapi-mesa:amd64 21.2.6-0ubuntu0.1~20.04.2
2022-03-24 22:18:41 install libllvm12:amd64 <none> 1:12.0.0-3ubuntu1~20.04.5
2022-03-24 22:18:41 status half-installed libllvm12:amd64 1:12.0.0-3ubuntu1~20.04.5
2022-03-24 22:18:43 status unpacked libllvm12:amd64 1:12.0.0-3ubuntu1~20.04.5
2022-03-24 22:18:43 install libsensors-config:all <none> 1:3.6.0-2ubuntu1
2022-03-24 22:18:43 status half-installed libsensors-config:all 1:3.6.0-2ubuntu1
2022-03-24 22:18:43 status unpacked libsensors-config:all 1:3.6.0-2ubuntu1
2022-03-24 22:18:43 install libsensors5:amd64 <none> 1:3.6.0-2ubuntu1
2022-03-24 22:18:43 status half-installed libsensors5:amd64 1:3.6.0-2ubuntu1
2022-03-24 22:18:43 status unpacked libsensors5:amd64 1:3.6.0-2ubuntu1
2022-03-24 22:18:43 install libvulkan1:amd64 <none> 1.2.131.2-1
2022-03-24 22:18:43 status half-installed libvulkan1:amd64 1.2.131.2-1
2022-03-24 22:18:43 status unpacked libvulkan1:amd64 1.2.131.2-1
2022-03-24 22:18:43 install libgl1-mesa-dri:amd64 <none> 21.2.6-0ubuntu0.1~20.04.2
2022-03-24 22:18:43 status half-installed libgl1-mesa-dri:amd64 21.2.6-0ubuntu0.1~20.04.2
2022-03-24 22:18:44 status unpacked libgl1-mesa-dri:amd64 21.2.6-0ubuntu0.1~20.04.2
2022-03-24 22:18:44 install libx11-xcb1:amd64 <none> 2:1.6.9-2ubuntu1.2
2022-03-24 22:18:44 status half-installed libx11-xcb1:amd64 2:1.6.9-2ubuntu1.2
2022-03-24 22:18:44 status unpacked libx11-xcb1:amd64 2:1.6.9-2ubuntu1.2
2022-03-24 22:18:44 install libxcb-dri2-0:amd64 <none> 1.14-2
2022-03-24 22:18:44 status half-installed libxcb-dri2-0:amd64 1.14-2
2022-03-24 22:18:44 status unpacked libxcb-dri2-0:amd64 1.14-2
2022-03-24 22:18:44 install libxcb-dri3-0:amd64 <none> 1.14-2
2022-03-24 22:18:44 status half-installed libxcb-dri3-0:amd64 1.14-2
2022-03-24 22:18:44 status unpacked libxcb-dri3-0:amd64 1.14-2
2022-03-24 22:18:44 install libxcb-glx0:amd64 <none> 1.14-2
2022-03-24 22:18:44 status half-installed libxcb-glx0:amd64 1.14-2
2022-03-24 22:18:44 status unpacked libxcb-glx0:amd64 1.14-2
2022-03-24 22:18:44 install libxcb-present0:amd64 <none> 1.14-2
2022-03-24 22:18:44 status half-installed libxcb-present0:amd64 1.14-2
2022-03-24 22:18:44 status unpacked libxcb-present0:amd64 1.14-2
2022-03-24 22:18:44 install libxcb-shm0:amd64 <none> 1.14-2
2022-03-24 22:18:44 status half-installed libxcb-shm0:amd64 1.14-2
2022-03-24 22:18:44 status unpacked libxcb-shm0:amd64 1.14-2
2022-03-24 22:18:44 install libxcb-sync1:amd64 <none> 1.14-2
2022-03-24 22:18:44 status half-installed libxcb-sync1:amd64 1.14-2
2022-03-24 22:18:44 status unpacked libxcb-sync1:amd64 1.14-2
2022-03-24 22:18:44 install libxcb-xfixes0:amd64 <none> 1.14-2
2022-03-24 22:18:44 status half-installed libxcb-xfixes0:amd64 1.14-2
2022-03-24 22:18:44 status unpacked libxcb-xfixes0:amd64 1.14-2
2022-03-24 22:18:44 install libxfixes3:amd64 <none> 1:5.0.3-2
2022-03-24 22:18:44 status half-installed libxfixes3:amd64 1:5.0.3-2
2022-03-24 22:18:44 status unpacked libxfixes3:amd64 1:5.0.3-2
2022-03-24 22:18:44 install libxshmfence1:amd64 <none> 1.3-1
2022-03-24 22:18:44 status half-installed libxshmfence1:amd64 1.3-1
2022-03-24 22:18:44 status unpacked libxshmfence1:amd64 1.3-1
2022-03-24 22:18:44 install libxxf86vm1:amd64 <none> 1:1.1.4-1build1
2022-03-24 22:18:44 status half-installed libxxf86vm1:amd64 1:1.1.4-1build1
2022-03-24 22:18:44 status unpacked libxxf86vm1:amd64 1:1.1.4-1build1
2022-03-24 22:18:44 install libglx-mesa0:amd64 <none> 21.2.6-0ubuntu0.1~20.04.2
2022-03-24 22:18:44 status half-installed libglx-mesa0:amd64 21.2.6-0ubuntu0.1~20.04.2
2022-03-24 22:18:44 status unpacked libglx-mesa0:amd64 21.2.6-0ubuntu0.1~20.04.2
2022-03-24 22:18:44 install x11-common:all <none> 1:7.7+19ubuntu14
2022-03-24 22:18:44 status half-installed x11-common:all 1:7.7+19ubuntu14
2022-03-24 22:18:44 status triggers-pending systemd:amd64 245.4-4ubuntu3.15
2022-03-24 22:18:44 status unpacked x11-common:all 1:7.7+19ubuntu14
2022-03-24 22:18:44 install libice6:amd64 <none> 2:1.0.10-0ubuntu1
2022-03-24 22:18:44 status half-installed libice6:amd64 2:1.0.10-0ubuntu1
2022-03-24 22:18:44 status unpacked libice6:amd64 2:1.0.10-0ubuntu1
2022-03-24 22:18:44 install libvorbisenc2:amd64 <none> 1.3.6-2ubuntu1
2022-03-24 22:18:44 status half-installed libvorbisenc2:amd64 1.3.6-2ubuntu1
2022-03-24 22:18:44 status unpacked libvorbisenc2:amd64 1.3.6-2ubuntu1
2022-03-24 22:18:44 install libsndfile1:amd64 <none> 1.0.28-7ubuntu0.1
2022-03-24 22:18:44 status half-installed libsndfile1:amd64 1.0.28-7ubuntu0.1
2022-03-24 22:18:44 status unpacked libsndfile1:amd64 1.0.28-7ubuntu0.1
2022-03-24 22:18:44 install libpulse0:amd64 <none> 1:13.99.1-1ubuntu3.13
2022-03-24 22:18:44 status half-installed libpulse0:amd64 1:13.99.1-1ubuntu3.13
2022-03-24 22:18:44 status unpacked libpulse0:amd64 1:13.99.1-1ubuntu3.13
2022-03-24 22:18:44 install libpulsedsp:amd64 <none> 1:13.99.1-1ubuntu3.13
2022-03-24 22:18:44 status half-installed libpulsedsp:amd64 1:13.99.1-1ubuntu3.13
2022-03-24 22:18:44 status unpacked libpulsedsp:amd64 1:13.99.1-1ubuntu3.13
2022-03-24 22:18:44 install libsm6:amd64 <none> 2:1.2.3-1
2022-03-24 22:18:44 status half-installed libsm6:amd64 2:1.2.3-1
2022-03-24 22:18:44 status unpacked libsm6:amd64 2:1.2.3-1
2022-03-24 22:18:44 install libwayland-client0:amd64 <none> 1.18.0-1
2022-03-24 22:18:44 status half-installed libwayland-client0:amd64 1.18.0-1
2022-03-24 22:18:44 status unpacked libwayland-client0:amd64 1.18.0-1
2022-03-24 22:18:44 install libxt6:amd64 <none> 1:1.1.5-1
2022-03-24 22:18:44 status half-installed libxt6:amd64 1:1.1.5-1
2022-03-24 22:18:44 status unpacked libxt6:amd64 1:1.1.5-1
2022-03-24 22:18:44 install libxmu6:amd64 <none> 2:1.1.3-0ubuntu1
2022-03-24 22:18:44 status half-installed libxmu6:amd64 2:1.1.3-0ubuntu1
2022-03-24 22:18:44 status unpacked libxmu6:amd64 2:1.1.3-0ubuntu1
2022-03-24 22:18:44 install libxpm4:amd64 <none> 1:3.5.12-1
2022-03-24 22:18:44 status half-installed libxpm4:amd64 1:3.5.12-1
2022-03-24 22:18:44 status unpacked libxpm4:amd64 1:3.5.12-1
2022-03-24 22:18:44 install libxaw7:amd64 <none> 2:1.0.13-1
2022-03-24 22:18:44 status half-installed libxaw7:amd64 2:1.0.13-1
2022-03-24 22:18:44 status unpacked libxaw7:amd64 2:1.0.13-1
2022-03-24 22:18:44 install libxcb-randr0:amd64 <none> 1.14-2
2022-03-24 22:18:44 status half-installed libxcb-randr0:amd64 1.14-2
2022-03-24 22:18:44 status unpacked libxcb-randr0:amd64 1.14-2
2022-03-24 22:18:44 install libxcb-shape0:amd64 <none> 1.14-2
2022-03-24 22:18:44 status half-installed libxcb-shape0:amd64 1.14-2
2022-03-24 22:18:44 status unpacked libxcb-shape0:amd64 1.14-2
2022-03-24 22:18:44 install libxcomposite1:amd64 <none> 1:0.4.5-1
2022-03-24 22:18:44 status half-installed libxcomposite1:amd64 1:0.4.5-1
2022-03-24 22:18:44 status unpacked libxcomposite1:amd64 1:0.4.5-1
2022-03-24 22:18:44 install libxrender1:amd64 <none> 1:0.9.10-1
2022-03-24 22:18:44 status half-installed libxrender1:amd64 1:0.9.10-1
2022-03-24 22:18:44 status unpacked libxrender1:amd64 1:0.9.10-1
2022-03-24 22:18:44 install libxft2:amd64 <none> 2.3.3-0ubuntu1
2022-03-24 22:18:44 status half-installed libxft2:amd64 2.3.3-0ubuntu1
2022-03-24 22:18:44 status unpacked libxft2:amd64 2.3.3-0ubuntu1
2022-03-24 22:18:44 install libxi6:amd64 <none> 2:1.7.10-0ubuntu1
2022-03-24 22:18:44 status half-installed libxi6:amd64 2:1.7.10-0ubuntu1
2022-03-24 22:18:44 status unpacked libxi6:amd64 2:1.7.10-0ubuntu1
2022-03-24 22:18:44 install libxinerama1:amd64 <none> 2:1.1.4-2
2022-03-24 22:18:44 status half-installed libxinerama1:amd64 2:1.1.4-2
2022-03-24 22:18:45 status unpacked libxinerama1:amd64 2:1.1.4-2
2022-03-24 22:18:45 install libxkbfile1:amd64 <none> 1:1.1.0-1
2022-03-24 22:18:45 status half-installed libxkbfile1:amd64 1:1.1.0-1
2022-03-24 22:18:45 status unpacked libxkbfile1:amd64 1:1.1.0-1
2022-03-24 22:18:45 install libxrandr2:amd64 <none> 2:1.5.2-0ubuntu1
2022-03-24 22:18:45 status half-installed libxrandr2:amd64 2:1.5.2-0ubuntu1
2022-03-24 22:18:45 status unpacked libxrandr2:amd64 2:1.5.2-0ubuntu1
2022-03-24 22:18:45 install libxtst6:amd64 <none> 2:1.2.3-1
2022-03-24 22:18:45 status half-installed libxtst6:amd64 2:1.2.3-1
2022-03-24 22:18:45 status unpacked libxtst6:amd64 2:1.2.3-1
2022-03-24 22:18:45 install libxv1:amd64 <none> 2:1.0.11-1
2022-03-24 22:18:45 status half-installed libxv1:amd64 2:1.0.11-1
2022-03-24 22:18:45 status unpacked libxv1:amd64 2:1.0.11-1
2022-03-24 22:18:45 install libxxf86dga1:amd64 <none> 2:1.1.5-0ubuntu1
2022-03-24 22:18:45 status half-installed libxxf86dga1:amd64 2:1.1.5-0ubuntu1
2022-03-24 22:18:45 status unpacked libxxf86dga1:amd64 2:1.1.5-0ubuntu1
2022-03-24 22:18:45 install mesa-vulkan-drivers:amd64 <none> 21.2.6-0ubuntu0.1~20.04.2
2022-03-24 22:18:45 status half-installed mesa-vulkan-drivers:amd64 21.2.6-0ubuntu0.1~20.04.2
2022-03-24 22:18:45 status unpacked mesa-vulkan-drivers:amd64 21.2.6-0ubuntu0.1~20.04.2
2022-03-24 22:18:45 install pulseaudio-utils:amd64 <none> 1:13.99.1-1ubuntu3.13
2022-03-24 22:18:45 status half-installed pulseaudio-utils:amd64 1:13.99.1-1ubuntu3.13
2022-03-24 22:18:45 status unpacked pulseaudio-utils:amd64 1:13.99.1-1ubuntu3.13
2022-03-24 22:18:45 install wslu:all <none> 2.3.6-0ubuntu2~20.04.0
2022-03-24 22:18:45 status half-installed wslu:all 2.3.6-0ubuntu2~20.04.0
2022-03-24 22:18:45 status unpacked wslu:all 2.3.6-0ubuntu2~20.04.0
2022-03-24 22:18:45 install ubuntu-wsl:amd64 <none> 1.450.2
2022-03-24 22:18:45 status half-installed ubuntu-wsl:amd64 1.450.2
2022-03-24 22:18:45 status unpacked ubuntu-wsl:amd64 1.450.2
2022-03-24 22:18:45 install update-motd:all <none> 3.6-0ubuntu6.1
2022-03-24 22:18:45 status half-installed update-motd:all 3.6-0ubuntu6.1
2022-03-24 22:18:45 status unpacked update-motd:all 3.6-0ubuntu6.1
2022-03-24 22:18:45 install libglvnd0:amd64 <none> 1.3.2-1~ubuntu0.20.04.2
2022-03-24 22:18:45 status half-installed libglvnd0:amd64 1.3.2-1~ubuntu0.20.04.2
2022-03-24 22:18:45 status unpacked libglvnd0:amd64 1.3.2-1~ubuntu0.20.04.2
2022-03-24 22:18:45 install libglx0:amd64 <none> 1.3.2-1~ubuntu0.20.04.2
2022-03-24 22:18:45 status half-installed libglx0:amd64 1.3.2-1~ubuntu0.20.04.2
2022-03-24 22:18:45 status unpacked libglx0:amd64 1.3.2-1~ubuntu0.20.04.2
2022-03-24 22:18:45 install libgl1:amd64 <none> 1.3.2-1~ubuntu0.20.04.2
2022-03-24 22:18:45 status half-installed libgl1:amd64 1.3.2-1~ubuntu0.20.04.2
2022-03-24 22:18:45 status unpacked libgl1:amd64 1.3.2-1~ubuntu0.20.04.2
2022-03-24 22:18:45 install x11-utils:amd64 <none> 7.7+5
2022-03-24 22:18:45 status half-installed x11-utils:amd64 7.7+5
2022-03-24 22:18:45 status unpacked x11-utils:amd64 7.7+5
2022-03-24 22:18:45 install show-motd:all <none> 3.6-0ubuntu6.1
2022-03-24 22:18:45 status half-installed show-motd:all 3.6-0ubuntu6.1
2022-03-24 22:18:45 status unpacked show-motd:all 3.6-0ubuntu6.1
2022-03-24 22:18:45 startup packages configure
2022-03-24 22:18:45 configure libxcb-dri3-0:amd64 1.14-2 <none>
2022-03-24 22:18:45 status unpacked libxcb-dri3-0:amd64 1.14-2
2022-03-24 22:18:45 status half-configured libxcb-dri3-0:amd64 1.14-2
2022-03-24 22:18:45 status installed libxcb-dri3-0:amd64 1.14-2
2022-03-24 22:18:45 configure libx11-xcb1:amd64 2:1.6.9-2ubuntu1.2 <none>
2022-03-24 22:18:45 status unpacked libx11-xcb1:amd64 2:1.6.9-2ubuntu1.2
2022-03-24 22:18:45 status half-configured libx11-xcb1:amd64 2:1.6.9-2ubuntu1.2
2022-03-24 22:18:45 status installed libx11-xcb1:amd64 2:1.6.9-2ubuntu1.2
2022-03-24 22:18:45 configure libpciaccess0:amd64 0.16-0ubuntu1 <none>
2022-03-24 22:18:45 status unpacked libpciaccess0:amd64 0.16-0ubuntu1
2022-03-24 22:18:45 status half-configured libpciaccess0:amd64 0.16-0ubuntu1
2022-03-24 22:18:45 status installed libpciaccess0:amd64 0.16-0ubuntu1
2022-03-24 22:18:45 configure libdrm-nouveau2:amd64 2.4.107-8ubuntu1~20.04.2 <none>
2022-03-24 22:18:45 status unpacked libdrm-nouveau2:amd64 2.4.107-8ubuntu1~20.04.2
2022-03-24 22:18:46 status half-configured libdrm-nouveau2:amd64 2.4.107-8ubuntu1~20.04.2
2022-03-24 22:18:46 status installed libdrm-nouveau2:amd64 2.4.107-8ubuntu1~20.04.2
2022-03-24 22:18:46 configure libxcb-xfixes0:amd64 1.14-2 <none>
2022-03-24 22:18:46 status unpacked libxcb-xfixes0:amd64 1.14-2
2022-03-24 22:18:46 status half-configured libxcb-xfixes0:amd64 1.14-2
2022-03-24 22:18:46 status installed libxcb-xfixes0:amd64 1.14-2
2022-03-24 22:18:46 configure libxpm4:amd64 1:3.5.12-1 <none>
2022-03-24 22:18:46 status unpacked libxpm4:amd64 1:3.5.12-1
2022-03-24 22:18:46 status half-configured libxpm4:amd64 1:3.5.12-1
2022-03-24 22:18:46 status installed libxpm4:amd64 1:3.5.12-1
2022-03-24 22:18:46 configure libxi6:amd64 2:1.7.10-0ubuntu1 <none>
2022-03-24 22:18:46 status unpacked libxi6:amd64 2:1.7.10-0ubuntu1
2022-03-24 22:18:46 status half-configured libxi6:amd64 2:1.7.10-0ubuntu1
2022-03-24 22:18:46 status installed libxi6:amd64 2:1.7.10-0ubuntu1
2022-03-24 22:18:46 configure libxrender1:amd64 1:0.9.10-1 <none>
2022-03-24 22:18:46 status unpacked libxrender1:amd64 1:0.9.10-1
2022-03-24 22:18:46 status half-configured libxrender1:amd64 1:0.9.10-1
2022-03-24 22:18:46 status installed libxrender1:amd64 1:0.9.10-1
2022-03-24 22:18:46 configure libdrm-radeon1:amd64 2.4.107-8ubuntu1~20.04.2 <none>
2022-03-24 22:18:46 status unpacked libdrm-radeon1:amd64 2.4.107-8ubuntu1~20.04.2
2022-03-24 22:18:46 status half-configured libdrm-radeon1:amd64 2.4.107-8ubuntu1~20.04.2
2022-03-24 22:18:46 status installed libdrm-radeon1:amd64 2.4.107-8ubuntu1~20.04.2
2022-03-24 22:18:46 configure libglvnd0:amd64 1.3.2-1~ubuntu0.20.04.2 <none>
2022-03-24 22:18:46 status unpacked libglvnd0:amd64 1.3.2-1~ubuntu0.20.04.2
2022-03-24 22:18:46 status half-configured libglvnd0:amd64 1.3.2-1~ubuntu0.20.04.2
2022-03-24 22:18:46 status installed libglvnd0:amd64 1.3.2-1~ubuntu0.20.04.2
2022-03-24 22:18:46 configure libxcb-glx0:amd64 1.14-2 <none>
2022-03-24 22:18:46 status unpacked libxcb-glx0:amd64 1.14-2
2022-03-24 22:18:46 status half-configured libxcb-glx0:amd64 1.14-2
2022-03-24 22:18:46 status installed libxcb-glx0:amd64 1.14-2
2022-03-24 22:18:46 configure libdrm-intel1:amd64 2.4.107-8ubuntu1~20.04.2 <none>
2022-03-24 22:18:46 status unpacked libdrm-intel1:amd64 2.4.107-8ubuntu1~20.04.2
2022-03-24 22:18:46 status half-configured libdrm-intel1:amd64 2.4.107-8ubuntu1~20.04.2
2022-03-24 22:18:46 status installed libdrm-intel1:amd64 2.4.107-8ubuntu1~20.04.2
2022-03-24 22:18:46 configure libxcb-shape0:amd64 1.14-2 <none>
2022-03-24 22:18:46 status unpacked libxcb-shape0:amd64 1.14-2
2022-03-24 22:18:46 status half-configured libxcb-shape0:amd64 1.14-2
2022-03-24 22:18:46 status installed libxcb-shape0:amd64 1.14-2
2022-03-24 22:18:46 configure x11-common:all 1:7.7+19ubuntu14 <none>
2022-03-24 22:18:46 status unpacked x11-common:all 1:7.7+19ubuntu14
2022-03-24 22:18:46 status half-configured x11-common:all 1:7.7+19ubuntu14
2022-03-24 22:18:46 status installed x11-common:all 1:7.7+19ubuntu14
2022-03-24 22:18:46 configure libsensors-config:all 1:3.6.0-2ubuntu1 <none>
2022-03-24 22:18:46 status unpacked libsensors-config:all 1:3.6.0-2ubuntu1
2022-03-24 22:18:46 status half-configured libsensors-config:all 1:3.6.0-2ubuntu1
2022-03-24 22:18:46 status installed libsensors-config:all 1:3.6.0-2ubuntu1
2022-03-24 22:18:46 configure libxxf86dga1:amd64 2:1.1.5-0ubuntu1 <none>
2022-03-24 22:18:46 status unpacked libxxf86dga1:amd64 2:1.1.5-0ubuntu1
2022-03-24 22:18:46 status half-configured libxxf86dga1:amd64 2:1.1.5-0ubuntu1
2022-03-24 22:18:46 status installed libxxf86dga1:amd64 2:1.1.5-0ubuntu1
2022-03-24 22:18:46 configure libxcb-shm0:amd64 1.14-2 <none>
2022-03-24 22:18:46 status unpacked libxcb-shm0:amd64 1.14-2
2022-03-24 22:18:46 status half-configured libxcb-shm0:amd64 1.14-2
2022-03-24 22:18:46 status installed libxcb-shm0:amd64 1.14-2
2022-03-24 22:18:46 configure libxxf86vm1:amd64 1:1.1.4-1build1 <none>
2022-03-24 22:18:46 status unpacked libxxf86vm1:amd64 1:1.1.4-1build1
2022-03-24 22:18:46 status half-configured libxxf86vm1:amd64 1:1.1.4-1build1
2022-03-24 22:18:46 status installed libxxf86vm1:amd64 1:1.1.4-1build1
2022-03-24 22:18:46 configure libflac8:amd64 1.3.3-1build1 <none>
2022-03-24 22:18:46 status unpacked libflac8:amd64 1.3.3-1build1
2022-03-24 22:18:46 status half-configured libflac8:amd64 1.3.3-1build1
2022-03-24 22:18:46 status installed libflac8:amd64 1.3.3-1build1
2022-03-24 22:18:46 configure libxcb-present0:amd64 1.14-2 <none>
2022-03-24 22:18:46 status unpacked libxcb-present0:amd64 1.14-2
2022-03-24 22:18:46 status half-configured libxcb-present0:amd64 1.14-2
2022-03-24 22:18:46 status installed libxcb-present0:amd64 1.14-2
2022-03-24 22:18:46 configure update-motd:all 3.6-0ubuntu6.1 <none>
2022-03-24 22:18:46 status unpacked update-motd:all 3.6-0ubuntu6.1
2022-03-24 22:18:46 status half-configured update-motd:all 3.6-0ubuntu6.1
2022-03-24 22:18:46 status installed update-motd:all 3.6-0ubuntu6.1
2022-03-24 22:18:46 configure libfontenc1:amd64 1:1.1.4-0ubuntu1 <none>
2022-03-24 22:18:46 status unpacked libfontenc1:amd64 1:1.1.4-0ubuntu1
2022-03-24 22:18:46 status half-configured libfontenc1:amd64 1:1.1.4-0ubuntu1
2022-03-24 22:18:46 status installed libfontenc1:amd64 1:1.1.4-0ubuntu1
2022-03-24 22:18:46 configure libxfixes3:amd64 1:5.0.3-2 <none>
2022-03-24 22:18:46 status unpacked libxfixes3:amd64 1:5.0.3-2
2022-03-24 22:18:46 status half-configured libxfixes3:amd64 1:5.0.3-2
2022-03-24 22:18:46 status installed libxfixes3:amd64 1:5.0.3-2
2022-03-24 22:18:46 configure libxcb-sync1:amd64 1.14-2 <none>
2022-03-24 22:18:46 status unpacked libxcb-sync1:amd64 1.14-2
2022-03-24 22:18:46 status half-configured libxcb-sync1:amd64 1.14-2
2022-03-24 22:18:46 status installed libxcb-sync1:amd64 1.14-2
2022-03-24 22:18:46 configure libllvm12:amd64 1:12.0.0-3ubuntu1~20.04.5 <none>
2022-03-24 22:18:46 status unpacked libllvm12:amd64 1:12.0.0-3ubuntu1~20.04.5
2022-03-24 22:18:46 status half-configured libllvm12:amd64 1:12.0.0-3ubuntu1~20.04.5
2022-03-24 22:18:46 status installed libllvm12:amd64 1:12.0.0-3ubuntu1~20.04.5
2022-03-24 22:18:46 configure libxinerama1:amd64 2:1.1.4-2 <none>
2022-03-24 22:18:46 status unpacked libxinerama1:amd64 2:1.1.4-2
2022-03-24 22:18:46 status half-configured libxinerama1:amd64 2:1.1.4-2
2022-03-24 22:18:46 status installed libxinerama1:amd64 2:1.1.4-2
2022-03-24 22:18:46 configure libxv1:amd64 2:1.0.11-1 <none>
2022-03-24 22:18:46 status unpacked libxv1:amd64 2:1.0.11-1
2022-03-24 22:18:46 status half-configured libxv1:amd64 2:1.0.11-1
2022-03-24 22:18:46 status installed libxv1:amd64 2:1.0.11-1
2022-03-24 22:18:46 configure libxrandr2:amd64 2:1.5.2-0ubuntu1 <none>
2022-03-24 22:18:46 status unpacked libxrandr2:amd64 2:1.5.2-0ubuntu1
2022-03-24 22:18:46 status half-configured libxrandr2:amd64 2:1.5.2-0ubuntu1
2022-03-24 22:18:46 status installed libxrandr2:amd64 2:1.5.2-0ubuntu1
2022-03-24 22:18:46 configure fonts-dejavu-core:all 2.37-1 <none>
2022-03-24 22:18:46 status unpacked fonts-dejavu-core:all 2.37-1
2022-03-24 22:18:46 status half-configured fonts-dejavu-core:all 2.37-1
2022-03-24 22:18:46 status installed fonts-dejavu-core:all 2.37-1
2022-03-24 22:18:46 configure libsensors5:amd64 1:3.6.0-2ubuntu1 <none>
2022-03-24 22:18:46 status unpacked libsensors5:amd64 1:3.6.0-2ubuntu1
2022-03-24 22:18:46 status half-configured libsensors5:amd64 1:3.6.0-2ubuntu1
2022-03-24 22:18:46 status installed libsensors5:amd64 1:3.6.0-2ubuntu1
2022-03-24 22:18:46 configure libglapi-mesa:amd64 21.2.6-0ubuntu0.1~20.04.2 <none>
2022-03-24 22:18:46 status unpacked libglapi-mesa:amd64 21.2.6-0ubuntu0.1~20.04.2
2022-03-24 22:18:46 status half-configured libglapi-mesa:amd64 21.2.6-0ubuntu0.1~20.04.2
2022-03-24 22:18:46 status installed libglapi-mesa:amd64 21.2.6-0ubuntu0.1~20.04.2
2022-03-24 22:18:46 configure libvulkan1:amd64 1.2.131.2-1 <none>
2022-03-24 22:18:46 status unpacked libvulkan1:amd64 1.2.131.2-1
2022-03-24 22:18:46 status half-configured libvulkan1:amd64 1.2.131.2-1
2022-03-24 22:18:46 status installed libvulkan1:amd64 1.2.131.2-1
2022-03-24 22:18:46 configure libxcb-dri2-0:amd64 1.14-2 <none>
2022-03-24 22:18:46 status unpacked libxcb-dri2-0:amd64 1.14-2
2022-03-24 22:18:46 status half-configured libxcb-dri2-0:amd64 1.14-2
2022-03-24 22:18:46 status installed libxcb-dri2-0:amd64 1.14-2
2022-03-24 22:18:46 configure libasyncns0:amd64 0.8-6 <none>
2022-03-24 22:18:46 status unpacked libasyncns0:amd64 0.8-6
2022-03-24 22:18:46 status half-configured libasyncns0:amd64 0.8-6
2022-03-24 22:18:46 status installed libasyncns0:amd64 0.8-6
2022-03-24 22:18:46 configure libxshmfence1:amd64 1.3-1 <none>
2022-03-24 22:18:46 status unpacked libxshmfence1:amd64 1.3-1
2022-03-24 22:18:46 status half-configured libxshmfence1:amd64 1.3-1
2022-03-24 22:18:46 status installed libxshmfence1:amd64 1.3-1
2022-03-24 22:18:46 configure dbus-x11:amd64 1.12.16-2ubuntu2.1 <none>
2022-03-24 22:18:46 status unpacked dbus-x11:amd64 1.12.16-2ubuntu2.1
2022-03-24 22:18:46 status half-configured dbus-x11:amd64 1.12.16-2ubuntu2.1
2022-03-24 22:18:46 status installed dbus-x11:amd64 1.12.16-2ubuntu2.1
2022-03-24 22:18:46 configure libxcb-randr0:amd64 1.14-2 <none>
2022-03-24 22:18:46 status unpacked libxcb-randr0:amd64 1.14-2
2022-03-24 22:18:46 status half-configured libxcb-randr0:amd64 1.14-2
2022-03-24 22:18:46 status installed libxcb-randr0:amd64 1.14-2
2022-03-24 22:18:46 configure show-motd:all 3.6-0ubuntu6.1 <none>
2022-03-24 22:18:46 status unpacked show-motd:all 3.6-0ubuntu6.1
2022-03-24 22:18:46 status half-configured show-motd:all 3.6-0ubuntu6.1
2022-03-24 22:18:46 status installed show-motd:all 3.6-0ubuntu6.1
2022-03-24 22:18:46 configure libxkbfile1:amd64 1:1.1.0-1 <none>
2022-03-24 22:18:46 status unpacked libxkbfile1:amd64 1:1.1.0-1
2022-03-24 22:18:46 status half-configured libxkbfile1:amd64 1:1.1.0-1
2022-03-24 22:18:46 status installed libxkbfile1:amd64 1:1.1.0-1
2022-03-24 22:18:46 configure libxcomposite1:amd64 1:0.4.5-1 <none>
2022-03-24 22:18:46 status unpacked libxcomposite1:amd64 1:0.4.5-1
2022-03-24 22:18:46 status half-configured libxcomposite1:amd64 1:0.4.5-1
2022-03-24 22:18:46 status installed libxcomposite1:amd64 1:0.4.5-1
2022-03-24 22:18:46 configure wslu:all 2.3.6-0ubuntu2~20.04.0 <none>
2022-03-24 22:18:46 status unpacked wslu:all 2.3.6-0ubuntu2~20.04.0
2022-03-24 22:18:46 status half-configured wslu:all 2.3.6-0ubuntu2~20.04.0
2022-03-24 22:18:46 status installed wslu:all 2.3.6-0ubuntu2~20.04.0
2022-03-24 22:18:46 configure libvorbisenc2:amd64 1.3.6-2ubuntu1 <none>
2022-03-24 22:18:46 status unpacked libvorbisenc2:amd64 1.3.6-2ubuntu1
2022-03-24 22:18:46 status half-configured libvorbisenc2:amd64 1.3.6-2ubuntu1
2022-03-24 22:18:46 status installed libvorbisenc2:amd64 1.3.6-2ubuntu1
2022-03-24 22:18:46 configure libdrm-amdgpu1:amd64 2.4.107-8ubuntu1~20.04.2 <none>
2022-03-24 22:18:46 status unpacked libdrm-amdgpu1:amd64 2.4.107-8ubuntu1~20.04.2
2022-03-24 22:18:46 status half-configured libdrm-amdgpu1:amd64 2.4.107-8ubuntu1~20.04.2
2022-03-24 22:18:46 status installed libdrm-amdgpu1:amd64 2.4.107-8ubuntu1~20.04.2
2022-03-24 22:18:46 configure libwayland-client0:amd64 1.18.0-1 <none>
2022-03-24 22:18:46 status unpacked libwayland-client0:amd64 1.18.0-1
2022-03-24 22:18:46 status half-configured libwayland-client0:amd64 1.18.0-1
2022-03-24 22:18:46 status installed libwayland-client0:amd64 1.18.0-1
2022-03-24 22:18:46 configure mesa-vulkan-drivers:amd64 21.2.6-0ubuntu0.1~20.04.2 <none>
2022-03-24 22:18:46 status unpacked mesa-vulkan-drivers:amd64 21.2.6-0ubuntu0.1~20.04.2
2022-03-24 22:18:46 status half-configured mesa-vulkan-drivers:amd64 21.2.6-0ubuntu0.1~20.04.2
2022-03-24 22:18:46 status installed mesa-vulkan-drivers:amd64 21.2.6-0ubuntu0.1~20.04.2
2022-03-24 22:18:46 configure libice6:amd64 2:1.0.10-0ubuntu1 <none>
2022-03-24 22:18:46 status unpacked libice6:amd64 2:1.0.10-0ubuntu1
2022-03-24 22:18:46 status half-configured libice6:amd64 2:1.0.10-0ubuntu1
2022-03-24 22:18:46 status installed libice6:amd64 2:1.0.10-0ubuntu1
2022-03-24 22:18:46 configure fontconfig-config:all 2.13.1-2ubuntu3 <none>
2022-03-24 22:18:46 status unpacked fontconfig-config:all 2.13.1-2ubuntu3
2022-03-24 22:18:46 status half-configured fontconfig-config:all 2.13.1-2ubuntu3
2022-03-24 22:18:46 status installed fontconfig-config:all 2.13.1-2ubuntu3
2022-03-24 22:18:46 configure ubuntu-wsl:amd64 1.450.2 <none>
2022-03-24 22:18:46 status unpacked ubuntu-wsl:amd64 1.450.2
2022-03-24 22:18:46 status half-configured ubuntu-wsl:amd64 1.450.2
2022-03-24 22:18:46 status installed ubuntu-wsl:amd64 1.450.2
2022-03-24 22:18:46 configure libxtst6:amd64 2:1.2.3-1 <none>
2022-03-24 22:18:46 status unpacked libxtst6:amd64 2:1.2.3-1
2022-03-24 22:18:46 status half-configured libxtst6:amd64 2:1.2.3-1
2022-03-24 22:18:46 status installed libxtst6:amd64 2:1.2.3-1
2022-03-24 22:18:46 configure libgl1-mesa-dri:amd64 21.2.6-0ubuntu0.1~20.04.2 <none>
2022-03-24 22:18:46 status unpacked libgl1-mesa-dri:amd64 21.2.6-0ubuntu0.1~20.04.2
2022-03-24 22:18:46 status half-configured libgl1-mesa-dri:amd64 21.2.6-0ubuntu0.1~20.04.2
2022-03-24 22:18:46 status installed libgl1-mesa-dri:amd64 21.2.6-0ubuntu0.1~20.04.2
2022-03-24 22:18:46 configure libfontconfig1:amd64 2.13.1-2ubuntu3 <none>
2022-03-24 22:18:46 status unpacked libfontconfig1:amd64 2.13.1-2ubuntu3
2022-03-24 22:18:46 status half-configured libfontconfig1:amd64 2.13.1-2ubuntu3
2022-03-24 22:18:46 status installed libfontconfig1:amd64 2.13.1-2ubuntu3
2022-03-24 22:18:46 configure libsndfile1:amd64 1.0.28-7ubuntu0.1 <none>
2022-03-24 22:18:46 status unpacked libsndfile1:amd64 1.0.28-7ubuntu0.1
2022-03-24 22:18:46 status half-configured libsndfile1:amd64 1.0.28-7ubuntu0.1
2022-03-24 22:18:46 status installed libsndfile1:amd64 1.0.28-7ubuntu0.1
2022-03-24 22:18:46 configure libsm6:amd64 2:1.2.3-1 <none>
2022-03-24 22:18:46 status unpacked libsm6:amd64 2:1.2.3-1
2022-03-24 22:18:46 status half-configured libsm6:amd64 2:1.2.3-1
2022-03-24 22:18:46 status installed libsm6:amd64 2:1.2.3-1
2022-03-24 22:18:46 configure libxft2:amd64 2.3.3-0ubuntu1 <none>
2022-03-24 22:18:46 status unpacked libxft2:amd64 2.3.3-0ubuntu1
2022-03-24 22:18:46 status half-configured libxft2:amd64 2.3.3-0ubuntu1
2022-03-24 22:18:46 status installed libxft2:amd64 2.3.3-0ubuntu1
2022-03-24 22:18:46 configure libglx-mesa0:amd64 21.2.6-0ubuntu0.1~20.04.2 <none>
2022-03-24 22:18:46 status unpacked libglx-mesa0:amd64 21.2.6-0ubuntu0.1~20.04.2
2022-03-24 22:18:46 status half-configured libglx-mesa0:amd64 21.2.6-0ubuntu0.1~20.04.2
2022-03-24 22:18:46 status installed libglx-mesa0:amd64 21.2.6-0ubuntu0.1~20.04.2
2022-03-24 22:18:46 configure libglx0:amd64 1.3.2-1~ubuntu0.20.04.2 <none>
2022-03-24 22:18:46 status unpacked libglx0:amd64 1.3.2-1~ubuntu0.20.04.2
2022-03-24 22:18:46 status half-configured libglx0:amd64 1.3.2-1~ubuntu0.20.04.2
2022-03-24 22:18:46 status installed libglx0:amd64 1.3.2-1~ubuntu0.20.04.2
2022-03-24 22:18:46 configure libpulse0:amd64 1:13.99.1-1ubuntu3.13 <none>
2022-03-24 22:18:46 status unpacked libpulse0:amd64 1:13.99.1-1ubuntu3.13
2022-03-24 22:18:46 status half-configured libpulse0:amd64 1:13.99.1-1ubuntu3.13
2022-03-24 22:18:46 status installed libpulse0:amd64 1:13.99.1-1ubuntu3.13
2022-03-24 22:18:46 configure libpulsedsp:amd64 1:13.99.1-1ubuntu3.13 <none>
2022-03-24 22:18:46 status unpacked libpulsedsp:amd64 1:13.99.1-1ubuntu3.13
2022-03-24 22:18:46 status half-configured libpulsedsp:amd64 1:13.99.1-1ubuntu3.13
2022-03-24 22:18:46 status installed libpulsedsp:amd64 1:13.99.1-1ubuntu3.13
2022-03-24 22:18:46 configure libgl1:amd64 1.3.2-1~ubuntu0.20.04.2 <none>
2022-03-24 22:18:46 status unpacked libgl1:amd64 1.3.2-1~ubuntu0.20.04.2
2022-03-24 22:18:46 status half-configured libgl1:amd64 1.3.2-1~ubuntu0.20.04.2
2022-03-24 22:18:46 status installed libgl1:amd64 1.3.2-1~ubuntu0.20.04.2
2022-03-24 22:18:46 configure pulseaudio-utils:amd64 1:13.99.1-1ubuntu3.13 <none>
2022-03-24 22:18:46 status unpacked pulseaudio-utils:amd64 1:13.99.1-1ubuntu3.13
2022-03-24 22:18:46 status half-configured pulseaudio-utils:amd64 1:13.99.1-1ubuntu3.13
2022-03-24 22:18:46 status installed pulseaudio-utils:amd64 1:13.99.1-1ubuntu3.13
2022-03-24 22:18:46 configure libxt6:amd64 1:1.1.5-1 <none>
2022-03-24 22:18:46 status unpacked libxt6:amd64 1:1.1.5-1
2022-03-24 22:18:46 status half-configured libxt6:amd64 1:1.1.5-1
2022-03-24 22:18:46 status installed libxt6:amd64 1:1.1.5-1
2022-03-24 22:18:46 configure libxmu6:amd64 2:1.1.3-0ubuntu1 <none>
2022-03-24 22:18:46 status unpacked libxmu6:amd64 2:1.1.3-0ubuntu1
2022-03-24 22:18:46 status half-configured libxmu6:amd64 2:1.1.3-0ubuntu1
2022-03-24 22:18:46 status installed libxmu6:amd64 2:1.1.3-0ubuntu1
2022-03-24 22:18:46 configure libxaw7:amd64 2:1.0.13-1 <none>
2022-03-24 22:18:46 status unpacked libxaw7:amd64 2:1.0.13-1
2022-03-24 22:18:46 status half-configured libxaw7:amd64 2:1.0.13-1
2022-03-24 22:18:46 status installed libxaw7:amd64 2:1.0.13-1
2022-03-24 22:18:46 configure x11-utils:amd64 7.7+5 <none>
2022-03-24 22:18:46 status unpacked x11-utils:amd64 7.7+5
2022-03-24 22:18:46 status half-configured x11-utils:amd64 7.7+5
2022-03-24 22:18:46 status installed x11-utils:amd64 7.7+5
2022-03-24 22:18:46 trigproc systemd:amd64 245.4-4ubuntu3.15 <none>
2022-03-24 22:18:46 status half-configured systemd:amd64 245.4-4ubuntu3.15
2022-03-24 22:18:46 status installed systemd:amd64 245.4-4ubuntu3.15
2022-03-24 22:18:46 trigproc man-db:amd64 2.9.1-1 <none>
2022-03-24 22:18:46 status half-configured man-db:amd64 2.9.1-1
2022-03-24 22:18:46 status installed man-db:amd64 2.9.1-1
2022-03-24 22:18:46 trigproc libc-bin:amd64 2.31-0ubuntu9.7 <none>
2022-03-24 22:18:46 status half-configured libc-bin:amd64 2.31-0ubuntu9.7
2022-03-24 22:18:46 status installed libc-bin:amd64 2.31-0ubuntu9.7